<?xml version="1.0" encoding="UTF-8"?>
<!-- Generated by org.testng.reporters.JUnitReportReporter -->
<testsuite hostname="DESKTOP-JQEJNBT" failures="0" tests="1" name="com.qacart.todo.testcases.LoginTest" time="53.006" errors="0" timestamp="2024-04-02T21:50:41 CET" skipped="0">
  <testcase classname="com.qacart.todo.testcases.LoginTest" name="souldbeableTologinWithemailandPassword" time="53.006"/>
</testsuite> <!-- com.qacart.todo.testcases.LoginTest -->
