<?xml version="1.0" encoding="UTF-8"?>
<!-- Generated by org.testng.reporters.JUnitReportReporter -->
<testsuite hostname="DESKTOP-JQEJNBT" failures="0" tests="1" name="com.qacart.todo.testcases.LoginTest" time="38.019" errors="0" timestamp="2024-04-02T22:01:29 CET" skipped="0">
  <testcase classname="com.qacart.todo.testcases.LoginTest" name="souldbeableTologinWithemailandPassword" time="38.019"/>
</testsuite> <!-- com.qacart.todo.testcases.LoginTest -->
