<?xml version="1.0" encoding="UTF-8"?>
<!-- Generated by org.testng.reporters.JUnitReportReporter -->
<testsuite hostname="DESKTOP-JQEJNBT" failures="0" tests="1" name="com.qacart.todo.testcases.LoginTest" time="35.500" errors="0" timestamp="2024-04-02T14:03:32 CET" skipped="0">
  <testcase classname="com.qacart.todo.testcases.LoginTest" name="souldbeableTologinWithemailandPassword" time="35.500"/>
</testsuite> <!-- com.qacart.todo.testcases.LoginTest -->
